[2025-11-06 16:42:30] Running immediate backup...
No changes in /Users/yolkai/Downloads/.localized
No changes in /Users/yolkai/Documents/Content Creation/Content/Short form/Top 5 Wizards.mp4
No changes in /Users/yolkai/Documents/GitHub/projects/rust-file-backup/Rust-File-Backup-System-Project/Documents/Rust Project Progress Report (21:10:2025).docx
No changes in /Users/yolkai/Desktop/.DS_Store
No changes in /Users/yolkai/Documents/Content Creation/Content/.DS_Store
Original file missing: /Users/yolkai/Downloads/steam.dmg
No changes in /Users/yolkai/Desktop/.localized
No changes in /Users/yolkai/Documents/GitHub/projects/rust-file-backup/Rust-File-Backup-System-Project/Documents/Rust Project Progress Report (21:10:2025).pdf
No changes in /Users/yolkai/Downloads/5_6195092997055453206.pdf
No changes in /Users/yolkai/Downloads/The Goons/.DS_Store
Original file missing: /Users/yolkai/Downloads/1726780b71683582.png
No changes in /Users/yolkai/Downloads/.DS_Store
No changes in /Users/yolkai/Documents/Content Creation/Content/Short form/Top 5 Spells.mp4
No changes in /Users/yolkai/Documents/Content Creation/Content/Short form/.DS_Store
No changes in /Users/yolkai/Downloads/5_6199227010452036071.txt
Original file missing: /Users/yolkai/Desktop/IMG_4212.png
Backup complete: 0 file(s) backed up
[2025-11-06 16:42:34] Auto-backup completed: 0 files backed up
[2025-11-06 16:47:34] Running immediate backup...
No changes in /Users/yolkai/Documents/GitHub/projects/rust-file-backup/Rust-File-Backup-System-Project/Documents/Rust Project Progress Report (21:10:2025).pdf
No changes in /Users/yolkai/Downloads/5_6199227010452036071.txt
[2025-11-06 16:47:35] Backed up: /Users/yolkai/Documents/Content Creation/Content/Short form/Top 5 Spells.mp4
No changes in /Users/yolkai/Downloads/.DS_Store
No changes in /Users/yolkai/Downloads/5_6195092997055453206.pdf
Original file missing: /Users/yolkai/Downloads/1726780b71683582.png
No changes in /Users/yolkai/Documents/Content Creation/Content/.DS_Store
Original file missing: /Users/yolkai/Downloads/steam.dmg
Original file missing: /Users/yolkai/Desktop/IMG_4212.png
No changes in /Users/yolkai/Documents/GitHub/projects/rust-file-backup/Rust-File-Backup-System-Project/Documents/Rust Project Progress Report (21:10:2025).docx
No changes in /Users/yolkai/Desktop/.DS_Store
No changes in /Users/yolkai/Documents/Content Creation/Content/Short form/.DS_Store
No changes in /Users/yolkai/Downloads/.localized
No changes in /Users/yolkai/Desktop/.localized
[2025-11-06 16:47:38] Backed up: /Users/yolkai/Documents/Content Creation/Content/Short form/Top 5 Wizards.mp4
No changes in /Users/yolkai/Downloads/The Goons/.DS_Store
Backup complete: 2 file(s) backed up
[2025-11-06 16:47:38] Auto-backup completed: 2 files backed up
